[2017-05-04 10:59:10.354] [DEBUG] [default] - Published message to messaging pipeline topic  qualifications  with result:  { qualifications: { '0': 9 } }
[2017-05-04 10:59:10.354] [DEBUG] [default] - Finished publishToKafkaTopic with result:  { qualifications: { '0': 9 } }
[2017-05-04 10:59:10.354] [INFO] [default] - Done publishing, with result  { qualifications: { '0': 9 } }
[2017-05-04 10:59:10.355] [INFO] [default] - done in analyser
[2017-05-04 10:59:10.374] [DEBUG] [default] - Published message to messaging pipeline topic  personalInfo  with result:  { personalInfo: { '0': 10 } }
[2017-05-04 10:59:10.377] [DEBUG] [default] - Finished publishToKafkaTopic with result:  { personalInfo: { '0': 10 } }
[2017-05-04 10:59:10.377] [INFO] [default] - Done publishing, with result  { personalInfo: { '0': 10 } }
[2017-05-04 10:59:10.378] [INFO] [default] - done in analyser
[2017-05-04 10:59:10.421] [DEBUG] [default] - Published message to messaging pipeline topic  personalInfo  with result:  { personalInfo: { '0': 11 } }
[2017-05-04 10:59:10.421] [DEBUG] [default] - Finished publishToKafkaTopic with result:  { personalInfo: { '0': 11 } }
[2017-05-04 10:59:10.422] [INFO] [default] - Done publishing, with result  { personalInfo: { '0': 11 } }
[2017-05-04 10:59:10.422] [INFO] [default] - done in analyser
[2017-05-04 10:59:10.423] [DEBUG] [default] - Published message to messaging pipeline topic  jobPreferences  with result:  { jobPreferences: { '0': 9 } }
[2017-05-04 10:59:10.424] [DEBUG] [default] - Finished publishToKafkaTopic with result:  { jobPreferences: { '0': 9 } }
[2017-05-04 10:59:10.426] [INFO] [default] - Done publishing, with result  { jobPreferences: { '0': 9 } }
[2017-05-04 10:59:10.426] [INFO] [default] - done in analyser
[2017-05-04 10:59:10.427] [DEBUG] [default] - Published message to messaging pipeline topic  personalInfo  with result:  { personalInfo: { '0': 12 } }
[2017-05-04 10:59:10.427] [DEBUG] [default] - Finished publishToKafkaTopic with result:  { personalInfo: { '0': 12 } }
[2017-05-04 10:59:10.427] [INFO] [default] - Done publishing, with result  { personalInfo: { '0': 12 } }
[2017-05-04 10:59:10.428] [INFO] [default] - done in analyser
[2017-05-04 10:59:10.428] [DEBUG] [default] - Published message to messaging pipeline topic  qualifications  with result:  { qualifications: { '0': 10 } }
[2017-05-04 10:59:10.432] [DEBUG] [default] - Finished publishToKafkaTopic with result:  { qualifications: { '0': 10 } }
[2017-05-04 10:59:10.455] [INFO] [default] - Done publishing, with result  { qualifications: { '0': 10 } }
[2017-05-04 10:59:10.455] [INFO] [default] - done in analyser
[2017-05-04 10:59:10.456] [DEBUG] [default] - Published message to messaging pipeline topic  skills  with result:  { skills: { '0': 11 } }
[2017-05-04 10:59:10.456] [DEBUG] [default] - Finished publishToKafkaTopic with result:  { skills: { '0': 11 } }
[2017-05-04 10:59:10.456] [INFO] [default] - Done publishing, with result  { skills: { '0': 11 } }
[2017-05-04 10:59:10.457] [INFO] [default] - done in analyser
[2017-05-04 10:59:10.457] [DEBUG] [default] - Published message to messaging pipeline topic  jobPreferences  with result:  { jobPreferences: { '0': 10 } }
[2017-05-04 10:59:10.457] [DEBUG] [default] - Finished publishToKafkaTopic with result:  { jobPreferences: { '0': 10 } }
[2017-05-04 10:59:10.469] [INFO] [default] - Done publishing, with result  { jobPreferences: { '0': 10 } }
[2017-05-04 10:59:10.469] [INFO] [default] - done in analyser
[2017-05-04 10:59:10.470] [DEBUG] [default] - Published message to messaging pipeline topic  qualifications  with result:  { qualifications: { '0': 11 } }
[2017-05-04 10:59:10.470] [DEBUG] [default] - Finished publishToKafkaTopic with result:  { qualifications: { '0': 11 } }
[2017-05-04 10:59:10.470] [INFO] [default] - Done publishing, with result  { qualifications: { '0': 11 } }
[2017-05-04 10:59:10.471] [INFO] [default] - done in analyser
[2017-05-04 10:59:10.471] [DEBUG] [default] - Published message to messaging pipeline topic  skills  with result:  { skills: { '0': 12 } }
[2017-05-04 10:59:10.471] [DEBUG] [default] - Finished publishToKafkaTopic with result:  { skills: { '0': 12 } }
[2017-05-04 10:59:10.472] [INFO] [default] - Done publishing, with result  { skills: { '0': 12 } }
[2017-05-04 10:59:10.472] [INFO] [default] - done in analyser
[2017-05-04 10:59:10.472] [DEBUG] [default] - Published message to messaging pipeline topic  projects  with result:  { projects: { '0': 12 } }
[2017-05-04 10:59:10.476] [DEBUG] [default] - Finished publishToKafkaTopic with result:  { projects: { '0': 12 } }
[2017-05-04 10:59:10.477] [INFO] [default] - Done publishing, with result  { projects: { '0': 12 } }
[2017-05-04 10:59:10.477] [INFO] [default] - done in analyser
[2017-05-04 10:59:10.486] [DEBUG] [default] - Published message to messaging pipeline topic  experiences  with result:  { experiences: { '0': 12 } }
[2017-05-04 10:59:10.486] [DEBUG] [default] - Finished publishToKafkaTopic with result:  { experiences: { '0': 12 } }
[2017-05-04 10:59:10.486] [INFO] [default] - Done publishing, with result  { experiences: { '0': 12 } }
[2017-05-04 10:59:10.487] [INFO] [default] - done in analyser
[2017-05-04 10:59:10.509] [DEBUG] [default] - Published message to messaging pipeline topic  projects  with result:  { projects: { '0': 11 } }
[2017-05-04 10:59:10.509] [DEBUG] [default] - Finished publishToKafkaTopic with result:  { projects: { '0': 11 } }
[2017-05-04 10:59:10.509] [INFO] [default] - Done publishing, with result  { projects: { '0': 11 } }
[2017-05-04 10:59:10.510] [INFO] [default] - done in analyser
[2017-05-04 10:59:10.511] [DEBUG] [default] - Published message to messaging pipeline topic  jobPreferences  with result:  { jobPreferences: { '0': 11 } }
[2017-05-04 10:59:10.512] [DEBUG] [default] - Finished publishToKafkaTopic with result:  { jobPreferences: { '0': 11 } }
[2017-05-04 10:59:10.512] [INFO] [default] - Done publishing, with result  { jobPreferences: { '0': 11 } }
[2017-05-04 10:59:10.512] [INFO] [default] - done in analyser
[2017-05-04 10:59:10.513] [DEBUG] [default] - Published message to messaging pipeline topic  projects  with result:  { projects: { '0': 13 } }
[2017-05-04 10:59:10.515] [DEBUG] [default] - Finished publishToKafkaTopic with result:  { projects: { '0': 13 } }
[2017-05-04 10:59:10.515] [INFO] [default] - Done publishing, with result  { projects: { '0': 13 } }
[2017-05-04 10:59:10.515] [INFO] [default] - done in analyser
[2017-05-04 10:59:10.526] [DEBUG] [default] - Published message to messaging pipeline topic  experiences  with result:  { experiences: { '0': 13 } }
[2017-05-04 10:59:10.526] [DEBUG] [default] - Finished publishToKafkaTopic with result:  { experiences: { '0': 13 } }
[2017-05-04 10:59:10.527] [INFO] [default] - Done publishing, with result  { experiences: { '0': 13 } }
[2017-05-04 10:59:10.527] [INFO] [default] - done in analyser
[2017-05-04 10:59:10.527] [DEBUG] [default] - Published message to messaging pipeline topic  experiences  with result:  { experiences: { '0': 14 } }
[2017-05-04 10:59:10.528] [DEBUG] [default] - Finished publishToKafkaTopic with result:  { experiences: { '0': 14 } }
[2017-05-04 10:59:10.528] [INFO] [default] - Done publishing, with result  { experiences: { '0': 14 } }
[2017-05-04 10:59:10.528] [INFO] [default] - done in analyser
[2017-05-04 10:59:10.535] [DEBUG] [default] - Published message to messaging pipeline topic  skills  with result:  { skills: { '0': 13 } }
[2017-05-04 10:59:10.535] [DEBUG] [default] - Finished publishToKafkaTopic with result:  { skills: { '0': 13 } }
[2017-05-04 10:59:10.535] [INFO] [default] - Done publishing, with result  { skills: { '0': 13 } }
[2017-05-04 10:59:10.535] [INFO] [default] - done in analyser
[2017-05-04 10:59:10.542] [DEBUG] [default] - Returned data from processorMethod  [ [ 'success', 'success', 'success', 'success', 'success', 'success' ],
  [ 'success', 'success', 'success', 'success', 'success', 'success' ],
  [ 'success', 'success', 'success', 'success', 'success', 'success' ] ]
[2017-05-04 10:59:10.549] [INFO] [default] - success Status added success
[2017-05-04 10:59:10.550] [INFO] [default] - success Status added success
[2017-05-04 10:59:10.550] [INFO] [default] - success Status added success
