[2017-03-20 14:57:48.793] [DEBUG] [default] - Updated password data found and resolved
[2017-03-20 14:57:54.250] [DEBUG] [default] - Updated password data found and resolved
[2017-03-20 14:58:10.936] [DEBUG] [default] - Updated password data found and resolved
[2017-03-20 14:58:32.856] [DEBUG] [default] - Updated password data found and resolved
[2017-03-20 14:58:37.529] [DEBUG] [default] - Updated password data found and resolved
[2017-03-20 14:59:03.124] [DEBUG] [default] - Updated password data found and resolved
[2017-03-20 15:00:19.011] [DEBUG] [default] - Updated password data found and resolved
[2017-03-20 15:00:25.741] [DEBUG] [default] - Updated password data found and resolved
[2017-03-20 15:01:09.922] [DEBUG] [default] - Get object and store into resetPassword
[2017-03-20 15:01:09.923] [DEBUG] [default] - password resst logger
[2017-03-20 15:01:09.937] [INFO] [default] - Get successResult successfully and return back
[2017-03-20 15:02:10.718] [DEBUG] [default] - Updated password data found and resolved
[2017-03-20 15:02:24.738] [DEBUG] [default] - Get object and store into resetPassword
[2017-03-20 15:02:24.739] [DEBUG] [default] - password resst logger
[2017-03-20 15:02:24.785] [INFO] [default] - Get successResult successfully and return back
[2017-03-20 15:04:10.019] [DEBUG] [default] - Updated password data found and resolved
[2017-03-20 15:05:05.322] [DEBUG] [default] - Get object and store into userData
[2017-03-20 15:05:05.323] [DEBUG] [default] - Get userObj and store into userDetails
[2017-03-20 15:05:05.344] [ERROR] [default] - userData not added sucessfullyValidationError: Path `password` is required., Path `username` is required.
[2017-03-20 15:05:05.344] [ERROR] [default] - Internal error occurred
[2017-03-20 15:08:10.002] [DEBUG] [default] - Get object and store into userData
[2017-03-20 15:08:10.006] [DEBUG] [default] - Get userObj and store into userDetails
[2017-03-20 15:08:10.041] [INFO] [default] - userData added sucessfully
[2017-03-20 15:08:10.042] [INFO] [default] - Get successResult successfully and return back
[2017-03-20 15:38:52.242] [DEBUG] [default] - Get object and store into userData
[2017-03-20 15:38:52.245] [DEBUG] [default] - Get userObj and store into userDetails
[2017-03-20 15:38:52.333] [ERROR] [default] - userData not added sucessfullyWriteError({"code":11000,"index":0,"errmsg":"insertDocument :: caused by :: 11000 E11000 duplicate key error index: SamarthyaDB.users.$username_1  dup key: { : \"gowthammurugesan55@gmail.com\" }","op":{"username":"gowthammurugesan55@gmail.com","password":"samarthya","role":"Supervisor","status":"Active","_id":"58cfaa34247c4b14bf05a563","updatedOn":"2017-03-20T10:08:52.246Z","createdOn":"2017-03-20T10:08:52.246Z","lastLoginOn":"2017-03-20T10:08:52.246Z","__v":0}})
[2017-03-20 15:38:52.334] [ERROR] [default] - Internal error occurred
[2017-03-20 15:39:05.631] [DEBUG] [default] - Get object and store into userData
[2017-03-20 15:39:05.635] [DEBUG] [default] - Get userObj and store into userDetails
[2017-03-20 15:39:05.672] [ERROR] [default] - userData not added sucessfullyWriteError({"code":11000,"index":0,"errmsg":"insertDocument :: caused by :: 11000 E11000 duplicate key error index: SamarthyaDB.users.$username_1  dup key: { : \"gowthammurugesan55@gmail.com\" }","op":{"username":"gowthammurugesan55@gmail.com","password":"samarthya","role":"Supervisor","status":"Active","_id":"58cfaa4179425c1507702924","updatedOn":"2017-03-20T10:09:05.635Z","createdOn":"2017-03-20T10:09:05.635Z","lastLoginOn":"2017-03-20T10:09:05.635Z","__v":0}})
[2017-03-20 15:39:05.674] [ERROR] [default] - Internal error occurred
[2017-03-20 15:43:03.191] [DEBUG] [default] - Get object and store into userData
[2017-03-20 15:43:03.191] [DEBUG] [default] - Get userObj and store into userDetails
[2017-03-20 15:43:03.206] [INFO] [default] - userData added sucessfully
[2017-03-20 15:43:03.206] [INFO] [default] - Get successResult successfully and return back
[2017-03-20 15:48:14.756] [DEBUG] [default] - Updated password data found and resolved
[2017-03-20 15:49:24.666] [DEBUG] [default] - Get object and store into userData
[2017-03-20 15:49:24.669] [DEBUG] [default] - Get userObj and store into userDetails
[2017-03-20 15:49:24.696] [INFO] [default] - userData added sucessfully
[2017-03-20 15:49:24.698] [INFO] [default] - Get successResult successfully and return back
